\BOOKMARK [1][-]{section.1}{\376\377\000I\000n\000t\000r\000o\000d\000u\000c\000t\000i\000o\000n}{}% 1
\BOOKMARK [1][-]{section.2}{\376\377\000P\000r\000o\000b\000l\000e\000m\000s\000\040\000e\000x\000p\000l\000a\000n\000a\000t\000i\000o\000n}{}% 2
\BOOKMARK [2][-]{subsection.2.1}{\376\377\000N\000e\000w\000s\000v\000e\000n\000d\000o\000r\000\040\000P\000r\000o\000b\000l\000e\000m}{section.2}% 3
\BOOKMARK [3][-]{subsubsection.2.1.1}{\376\377\000P\000r\000o\000b\000l\000e\000m\000\040\000F\000o\000r\000m\000u\000l\000a\000t\000i\000o\000n}{subsection.2.1}% 4
\BOOKMARK [2][-]{subsection.2.2}{\376\377\000A\000s\000s\000e\000m\000b\000l\000e\000-\000t\000o\000-\000O\000r\000d\000e\000r\000\040\000\050\000A\000T\000O\000\051\000\040\000P\000r\000o\000b\000l\000e\000m}{section.2}% 5
\BOOKMARK [3][-]{subsubsection.2.2.1}{\376\377\000P\000r\000o\000b\000l\000e\000m\000\040\000F\000o\000r\000m\000u\000l\000a\000t\000i\000o\000n}{subsection.2.2}% 6
\BOOKMARK [1][-]{section.3}{\376\377\000T\000h\000e\000\040\000c\000l\000a\000s\000s\000\040\000S\000c\000e\000n\000a\000r\000i\000o\000T\000r\000e\000e}{}% 7
\BOOKMARK [2][-]{subsection.3.1}{\376\377\000I\000n\000i\000t\000i\000a\000l\000\040\000P\000r\000o\000b\000a\000b\000i\000l\000i\000s\000t\000i\000c\000\040\000M\000o\000d\000e\000l}{section.3}% 8
\BOOKMARK [2][-]{subsection.3.2}{\376\377\000S\000c\000e\000n\000a\000r\000i\000o\000\040\000T\000r\000e\000e\000\040\000G\000e\000n\000e\000r\000a\000t\000i\000o\000n}{section.3}% 9
\BOOKMARK [1][-]{section.4}{\376\377\000R\000e\000s\000u\000l\000t\000s\000\040\000w\000i\000t\000h\000\040\000a\000l\000l\000\040\000s\000c\000e\000n\000a\000r\000i\000o\000s}{}% 10
\BOOKMARK [2][-]{subsection.4.1}{\376\377\000N\000e\000w\000s\000v\000e\000n\000d\000o\000r\000\040\000P\000r\000o\000b\000l\000e\000m}{section.4}% 11
\BOOKMARK [2][-]{subsection.4.2}{\376\377\000A\000T\000O\000\040\000P\000r\000o\000b\000l\000e\000m}{section.4}% 12
\BOOKMARK [1][-]{section.5}{\376\377\000R\000e\000s\000u\000l\000t\000s\000\040\000w\000i\000t\000h\000\040\000K\000-\000m\000e\000a\000n\000s\000\040\000r\000e\000d\000u\000c\000t\000i\000o\000n}{}% 13
\BOOKMARK [2][-]{subsection.5.1}{\376\377\000N\000e\000w\000s\000v\000e\000n\000d\000o\000r\000\040\000P\000r\000o\000b\000l\000e\000m}{section.5}% 14
\BOOKMARK [2][-]{subsection.5.2}{\376\377\000A\000T\000O\000\040\000P\000r\000o\000b\000l\000e\000m}{section.5}% 15
\BOOKMARK [1][-]{section.6}{\376\377\000R\000e\000s\000u\000l\000t\000s\000\040\000w\000i\000t\000h\000\040\000W\000a\000s\000s\000e\000r\000s\000t\000e\000i\000n\000\040\000d\000i\000s\000t\000a\000n\000c\000e\040\023\000b\000a\000s\000e\000d\000\040\000r\000e\000d\000u\000c\000t\000i\000o\000n}{}% 16
\BOOKMARK [2][-]{subsection.6.1}{\376\377\000N\000e\000w\000s\000v\000e\000n\000d\000o\000r\000\040\000P\000r\000o\000b\000l\000e\000m}{section.6}% 17
\BOOKMARK [2][-]{subsection.6.2}{\376\377\000A\000T\000O\000\040\000P\000r\000o\000b\000l\000e\000m}{section.6}% 18
\BOOKMARK [1][-]{section.7}{\376\377\000E\000f\000f\000i\000c\000i\000e\000n\000c\000y}{}% 19
\BOOKMARK [1][-]{section.8}{\376\377\000D\000i\000s\000c\000u\000s\000s\000i\000o\000n}{}% 20
