This is pdfTeX, Version 3.141592653-2.6-1.40.27 (TeX Live 2026/dev/Arch Linux) (preloaded format=pdflatex 2025.5.29)  17 JUN 2025 08:27
entering extended mode
 restricted \write18 enabled.
 %&-line parsing enabled.
**report.tex
(./report.tex
LaTeX2e <2024-11-01> patch level 2
L3 programming layer <2025-01-18>
(/usr/share/texmf-dist/tex/latex/base/article.cls
Document Class: article 2024/06/29 v1.4n Standard LaTeX document class
(/usr/share/texmf-dist/tex/latex/base/size12.clo
File: size12.clo 2024/06/29 v1.4n Standard LaTeX file (size option)
)
\c@part=\count196
\c@section=\count197
\c@subsection=\count198
\c@subsubsection=\count199
\c@paragraph=\count266
\c@subparagraph=\count267
\c@figure=\count268
\c@table=\count269
\abovecaptionskip=\skip49
\belowcaptionskip=\skip50
\bibindent=\dimen141
)
(/usr/share/texmf-dist/tex/latex/base/inputenc.sty
Package: inputenc 2024/02/08 v1.3d Input encoding file
\inpenc@prehook=\toks17
\inpenc@posthook=\toks18
)
(/usr/share/texmf-dist/tex/latex/base/fontenc.sty
Package: fontenc 2021/04/29 v2.0v Standard LaTeX package
)
(/usr/share/texmf-dist/tex/latex/lm/lmodern.sty
Package: lmodern 2015/05/01 v1.6.1 Latin Modern Fonts
LaTeX Font Info:    Overwriting symbol font `operators' in version `normal'
(Font)                  OT1/cmr/m/n --> OT1/lmr/m/n on input line 22.
LaTeX Font Info:    Overwriting symbol font `letters' in version `normal'
(Font)                  OML/cmm/m/it --> OML/lmm/m/it on input line 23.
LaTeX Font Info:    Overwriting symbol font `symbols' in version `normal'
(Font)                  OMS/cmsy/m/n --> OMS/lmsy/m/n on input line 24.
LaTeX Font Info:    Overwriting symbol font `largesymbols' in version `normal'
(Font)                  OMX/cmex/m/n --> OMX/lmex/m/n on input line 25.
LaTeX Font Info:    Overwriting symbol font `operators' in version `bold'
(Font)                  OT1/cmr/bx/n --> OT1/lmr/bx/n on input line 26.
LaTeX Font Info:    Overwriting symbol font `letters' in version `bold'
(Font)                  OML/cmm/b/it --> OML/lmm/b/it on input line 27.
LaTeX Font Info:    Overwriting symbol font `symbols' in version `bold'
(Font)                  OMS/cmsy/b/n --> OMS/lmsy/b/n on input line 28.
LaTeX Font Info:    Overwriting symbol font `largesymbols' in version `bold'
(Font)                  OMX/cmex/m/n --> OMX/lmex/m/n on input line 29.
LaTeX Font Info:    Overwriting math alphabet `\mathbf' in version `normal'
(Font)                  OT1/cmr/bx/n --> OT1/lmr/bx/n on input line 31.
LaTeX Font Info:    Overwriting math alphabet `\mathsf' in version `normal'
(Font)                  OT1/cmss/m/n --> OT1/lmss/m/n on input line 32.
LaTeX Font Info:    Overwriting math alphabet `\mathit' in version `normal'
(Font)                  OT1/cmr/m/it --> OT1/lmr/m/it on input line 33.
LaTeX Font Info:    Overwriting math alphabet `\mathtt' in version `normal'
(Font)                  OT1/cmtt/m/n --> OT1/lmtt/m/n on input line 34.
LaTeX Font Info:    Overwriting math alphabet `\mathbf' in version `bold'
(Font)                  OT1/cmr/bx/n --> OT1/lmr/bx/n on input line 35.
LaTeX Font Info:    Overwriting math alphabet `\mathsf' in version `bold'
(Font)                  OT1/cmss/bx/n --> OT1/lmss/bx/n on input line 36.
LaTeX Font Info:    Overwriting math alphabet `\mathit' in version `bold'
(Font)                  OT1/cmr/bx/it --> OT1/lmr/bx/it on input line 37.
LaTeX Font Info:    Overwriting math alphabet `\mathtt' in version `bold'
(Font)                  OT1/cmtt/m/n --> OT1/lmtt/m/n on input line 38.
)
(/usr/share/texmf-dist/tex/latex/amsmath/amsmath.sty
Package: amsmath 2024/11/05 v2.17t AMS math features
\@mathmargin=\skip51

For additional information on amsmath, use the `?' option.
(/usr/share/texmf-dist/tex/latex/amsmath/amstext.sty
Package: amstext 2021/08/26 v2.01 AMS text

(/usr/share/texmf-dist/tex/latex/amsmath/amsgen.sty
File: amsgen.sty 1999/11/30 v2.0 generic functions
\@emptytoks=\toks19
\ex@=\dimen142
))
(/usr/share/texmf-dist/tex/latex/amsmath/amsbsy.sty
Package: amsbsy 1999/11/29 v1.2d Bold Symbols
\pmbraise@=\dimen143
)
(/usr/share/texmf-dist/tex/latex/amsmath/amsopn.sty
Package: amsopn 2022/04/08 v2.04 operator names
)
\inf@bad=\count270
LaTeX Info: Redefining \frac on input line 233.
\uproot@=\count271
\leftroot@=\count272
LaTeX Info: Redefining \overline on input line 398.
LaTeX Info: Redefining \colon on input line 409.
\classnum@=\count273
\DOTSCASE@=\count274
LaTeX Info: Redefining \ldots on input line 495.
LaTeX Info: Redefining \dots on input line 498.
LaTeX Info: Redefining \cdots on input line 619.
\Mathstrutbox@=\box52
\strutbox@=\box53
LaTeX Info: Redefining \big on input line 721.
LaTeX Info: Redefining \Big on input line 722.
LaTeX Info: Redefining \bigg on input line 723.
LaTeX Info: Redefining \Bigg on input line 724.
\big@size=\dimen144
LaTeX Font Info:    Redeclaring font encoding OML on input line 742.
LaTeX Font Info:    Redeclaring font encoding OMS on input line 743.
\macc@depth=\count275
LaTeX Info: Redefining \bmod on input line 904.
LaTeX Info: Redefining \pmod on input line 909.
LaTeX Info: Redefining \smash on input line 939.
LaTeX Info: Redefining \relbar on input line 969.
LaTeX Info: Redefining \Relbar on input line 970.
\c@MaxMatrixCols=\count276
\dotsspace@=\muskip17
\c@parentequation=\count277
\dspbrk@lvl=\count278
\tag@help=\toks20
\row@=\count279
\column@=\count280
\maxfields@=\count281
\andhelp@=\toks21
\eqnshift@=\dimen145
\alignsep@=\dimen146
\tagshift@=\dimen147
\tagwidth@=\dimen148
\totwidth@=\dimen149
\lineht@=\dimen150
\@envbody=\toks22
\multlinegap=\skip52
\multlinetaggap=\skip53
\mathdisplay@stack=\toks23
LaTeX Info: Redefining \[ on input line 2953.
LaTeX Info: Redefining \] on input line 2954.
)
(/usr/share/texmf-dist/tex/latex/amsfonts/amsfonts.sty
Package: amsfonts 2013/01/14 v3.01 Basic AMSFonts support
\symAMSa=\mathgroup4
\symAMSb=\mathgroup5
LaTeX Font Info:    Redeclaring math symbol \hbar on input line 98.
LaTeX Font Info:    Overwriting math alphabet `\mathfrak' in version `bold'
(Font)                  U/euf/m/n --> U/euf/b/n on input line 106.
)
(/usr/share/texmf-dist/tex/latex/amsfonts/amssymb.sty
Package: amssymb 2013/01/14 v3.01 AMS font symbols
)
(/usr/share/texmf-dist/tex/latex/graphics/graphicx.sty
Package: graphicx 2021/09/16 v1.2d Enhanced LaTeX Graphics (DPC,SPQR)

(/usr/share/texmf-dist/tex/latex/graphics/keyval.sty
Package: keyval 2022/05/29 v1.15 key=value parser (DPC)
\KV@toks@=\toks24
)
(/usr/share/texmf-dist/tex/latex/graphics/graphics.sty
Package: graphics 2024/08/06 v1.4g Standard LaTeX Graphics (DPC,SPQR)

(/usr/share/texmf-dist/tex/latex/graphics/trig.sty
Package: trig 2023/12/02 v1.11 sin cos tan (DPC)
)
(/usr/share/texmf-dist/tex/latex/graphics-cfg/graphics.cfg
File: graphics.cfg 2016/06/04 v1.11 sample graphics configuration
)
Package graphics Info: Driver file: pdftex.def on input line 106.

(/usr/share/texmf-dist/tex/latex/graphics-def/pdftex.def
File: pdftex.def 2024/04/13 v1.2c Graphics/color driver for pdftex
))
\Gin@req@height=\dimen151
\Gin@req@width=\dimen152
)
(/usr/share/texmf-dist/tex/latex/listings/listings.sty
\lst@mode=\count282
\lst@gtempboxa=\box54
\lst@token=\toks25
\lst@length=\count283
\lst@currlwidth=\dimen153
\lst@column=\count284
\lst@pos=\count285
\lst@lostspace=\dimen154
\lst@width=\dimen155
\lst@newlines=\count286
\lst@lineno=\count287
\lst@maxwidth=\dimen156

(/usr/share/texmf-dist/tex/latex/listings/lstpatch.sty
File: lstpatch.sty 2024/09/23 1.10c (Carsten Heinz)
)
(/usr/share/texmf-dist/tex/latex/listings/lstmisc.sty
File: lstmisc.sty 2024/09/23 1.10c (Carsten Heinz)
\c@lstnumber=\count288
\lst@skipnumbers=\count289
\lst@framebox=\box55
)
(/usr/share/texmf-dist/tex/latex/listings/listings.cfg
File: listings.cfg 2024/09/23 1.10c listings configuration
))
Package: listings 2024/09/23 1.10c (Carsten Heinz)

(/usr/share/texmf-dist/tex/latex/xcolor/xcolor.sty
Package: xcolor 2024/09/29 v3.02 LaTeX color extensions (UK)

(/usr/share/texmf-dist/tex/latex/graphics-cfg/color.cfg
File: color.cfg 2016/01/02 v1.6 sample color configuration
)
Package xcolor Info: Driver file: pdftex.def on input line 274.

(/usr/share/texmf-dist/tex/latex/graphics/mathcolor.ltx)
Package xcolor Info: Model `cmy' substituted by `cmy0' on input line 1349.
Package xcolor Info: Model `hsb' substituted by `rgb' on input line 1353.
Package xcolor Info: Model `RGB' extended on input line 1365.
Package xcolor Info: Model `HTML' substituted by `rgb' on input line 1367.
Package xcolor Info: Model `Hsb' substituted by `hsb' on input line 1368.
Package xcolor Info: Model `tHsb' substituted by `hsb' on input line 1369.
Package xcolor Info: Model `HSB' substituted by `hsb' on input line 1370.
Package xcolor Info: Model `Gray' substituted by `gray' on input line 1371.
Package xcolor Info: Model `wave' substituted by `hsb' on input line 1372.
)
(/usr/share/texmf-dist/tex/latex/enumitem/enumitem.sty
Package: enumitem 2025/02/06 v3.11 Customized lists
\labelindent=\skip54
\enit@outerparindent=\dimen157
\enit@toks=\toks26
\enit@inbox=\box56
\enit@count@id=\count290
\enitdp@description=\count291
)
(/usr/share/texmf-dist/tex/latex/hyperref/hyperref.sty
Package: hyperref 2024-11-05 v7.01l Hypertext links for LaTeX

(/usr/share/texmf-dist/tex/generic/iftex/iftex.sty
Package: iftex 2024/12/12 v1.0g TeX engine tests
)
(/usr/share/texmf-dist/tex/latex/kvsetkeys/kvsetkeys.sty
Package: kvsetkeys 2022-10-05 v1.19 Key value parser (HO)
)
(/usr/share/texmf-dist/tex/generic/kvdefinekeys/kvdefinekeys.sty
Package: kvdefinekeys 2019-12-19 v1.6 Define keys (HO)
)
(/usr/share/texmf-dist/tex/generic/pdfescape/pdfescape.sty
Package: pdfescape 2019/12/09 v1.15 Implements pdfTeX's escape features (HO)

(/usr/share/texmf-dist/tex/generic/ltxcmds/ltxcmds.sty
Package: ltxcmds 2023-12-04 v1.26 LaTeX kernel commands for general use (HO)
)
(/usr/share/texmf-dist/tex/generic/pdftexcmds/pdftexcmds.sty
Package: pdftexcmds 2020-06-27 v0.33 Utility functions of pdfTeX for LuaTeX (HO
)

(/usr/share/texmf-dist/tex/generic/infwarerr/infwarerr.sty
Package: infwarerr 2019/12/03 v1.5 Providing info/warning/error messages (HO)
)
Package pdftexcmds Info: \pdf@primitive is available.
Package pdftexcmds Info: \pdf@ifprimitive is available.
Package pdftexcmds Info: \pdfdraftmode found.
))
(/usr/share/texmf-dist/tex/latex/hycolor/hycolor.sty
Package: hycolor 2020-01-27 v1.10 Color options for hyperref/bookmark (HO)
)
(/usr/share/texmf-dist/tex/latex/hyperref/nameref.sty
Package: nameref 2023-11-26 v2.56 Cross-referencing by name of section

(/usr/share/texmf-dist/tex/latex/refcount/refcount.sty
Package: refcount 2019/12/15 v3.6 Data extraction from label references (HO)
)
(/usr/share/texmf-dist/tex/generic/gettitlestring/gettitlestring.sty
Package: gettitlestring 2019/12/15 v1.6 Cleanup title references (HO)

(/usr/share/texmf-dist/tex/latex/kvoptions/kvoptions.sty
Package: kvoptions 2022-06-15 v3.15 Key value format for package options (HO)
))
\c@section@level=\count292
)
(/usr/share/texmf-dist/tex/latex/etoolbox/etoolbox.sty
Package: etoolbox 2025/02/11 v2.5l e-TeX tools for LaTeX (JAW)
\etb@tempcnta=\count293
)
(/usr/share/texmf-dist/tex/generic/stringenc/stringenc.sty
Package: stringenc 2019/11/29 v1.12 Convert strings between diff. encodings (HO
)
)
\@linkdim=\dimen158
\Hy@linkcounter=\count294
\Hy@pagecounter=\count295

(/usr/share/texmf-dist/tex/latex/hyperref/pd1enc.def
File: pd1enc.def 2024-11-05 v7.01l Hyperref: PDFDocEncoding definition (HO)
Now handling font encoding PD1 ...
... no UTF-8 mapping file for font encoding PD1
)
(/usr/share/texmf-dist/tex/generic/intcalc/intcalc.sty
Package: intcalc 2019/12/15 v1.3 Expandable calculations with integers (HO)
)
\Hy@SavedSpaceFactor=\count296

(/usr/share/texmf-dist/tex/latex/hyperref/puenc.def
File: puenc.def 2024-11-05 v7.01l Hyperref: PDF Unicode definition (HO)
Now handling font encoding PU ...
... no UTF-8 mapping file for font encoding PU
)
Package hyperref Info: Hyper figures OFF on input line 4157.
Package hyperref Info: Link nesting OFF on input line 4162.
Package hyperref Info: Hyper index ON on input line 4165.
Package hyperref Info: Plain pages OFF on input line 4172.
Package hyperref Info: Backreferencing OFF on input line 4177.
Package hyperref Info: Implicit mode ON; LaTeX internals redefined.
Package hyperref Info: Bookmarks ON on input line 4424.
\c@Hy@tempcnt=\count297

(/usr/share/texmf-dist/tex/latex/url/url.sty
\Urlmuskip=\muskip18
Package: url 2013/09/16  ver 3.4  Verb mode for urls, etc.
)
LaTeX Info: Redefining \url on input line 4763.
\XeTeXLinkMargin=\dimen159

(/usr/share/texmf-dist/tex/generic/bitset/bitset.sty
Package: bitset 2019/12/09 v1.3 Handle bit-vector datatype (HO)

(/usr/share/texmf-dist/tex/generic/bigintcalc/bigintcalc.sty
Package: bigintcalc 2019/12/15 v1.5 Expandable calculations on big integers (HO
)
))
\Fld@menulength=\count298
\Field@Width=\dimen160
\Fld@charsize=\dimen161
Package hyperref Info: Hyper figures OFF on input line 6042.
Package hyperref Info: Link nesting OFF on input line 6047.
Package hyperref Info: Hyper index ON on input line 6050.
Package hyperref Info: backreferencing OFF on input line 6057.
Package hyperref Info: Link coloring OFF on input line 6062.
Package hyperref Info: Link coloring with OCG OFF on input line 6067.
Package hyperref Info: PDF/A mode OFF on input line 6072.

(/usr/share/texmf-dist/tex/latex/base/atbegshi-ltx.sty
Package: atbegshi-ltx 2021/01/10 v1.0c Emulation of the original atbegshi
package with kernel methods
)
\Hy@abspage=\count299
\c@Item=\count300
\c@Hfootnote=\count301
)
Package hyperref Info: Driver (autodetected): hpdftex.

(/usr/share/texmf-dist/tex/latex/hyperref/hpdftex.def
File: hpdftex.def 2024-11-05 v7.01l Hyperref driver for pdfTeX

(/usr/share/texmf-dist/tex/latex/base/atveryend-ltx.sty
Package: atveryend-ltx 2020/08/19 v1.0a Emulation of the original atveryend pac
kage
with kernel methods
)
\Fld@listcount=\count302
\c@bookmark@seq@number=\count303

(/usr/share/texmf-dist/tex/latex/rerunfilecheck/rerunfilecheck.sty
Package: rerunfilecheck 2022-07-10 v1.10 Rerun checks for auxiliary files (HO)

(/usr/share/texmf-dist/tex/generic/uniquecounter/uniquecounter.sty
Package: uniquecounter 2019/12/15 v1.4 Provide unlimited unique counter (HO)
)
Package uniquecounter Info: New unique counter `rerunfilecheck' on input line 2
85.
)
\Hy@SectionHShift=\skip55
)
(/usr/share/texmf-dist/tex/latex/float/float.sty
Package: float 2001/11/08 v1.3d Float enhancements (AL)
\c@float@type=\count304
\float@exts=\toks27
\float@box=\box57
\@float@everytoks=\toks28
\@floatcapt=\box58
)
Package hyperref Info: Option `colorlinks' set `true' on input line 21.
LaTeX Font Info:    Trying to load font information for T1+lmr on input line 24
.

(/usr/share/texmf-dist/tex/latex/lm/t1lmr.fd
File: t1lmr.fd 2015/05/01 v1.6.1 Font defs for Latin Modern
)
(/usr/share/texmf-dist/tex/latex/l3backend/l3backend-pdftex.def
File: l3backend-pdftex.def 2024-05-08 L3 backend support: PDF output (pdfTeX)
\l__color_backend_stack_int=\count305
\l__pdf_internal_box=\box59
) (./report.aux

LaTeX Warning: Label `fig:rosennewton' multiply defined.


LaTeX Warning: Label `fig:rosennewton' multiply defined.

)
\openout1 = `report.aux'.

LaTeX Font Info:    Checking defaults for OML/cmm/m/it on input line 24.
LaTeX Font Info:    ... okay on input line 24.
LaTeX Font Info:    Checking defaults for OMS/cmsy/m/n on input line 24.
LaTeX Font Info:    ... okay on input line 24.
LaTeX Font Info:    Checking defaults for OT1/cmr/m/n on input line 24.
LaTeX Font Info:    ... okay on input line 24.
LaTeX Font Info:    Checking defaults for T1/cmr/m/n on input line 24.
LaTeX Font Info:    ... okay on input line 24.
LaTeX Font Info:    Checking defaults for TS1/cmr/m/n on input line 24.
LaTeX Font Info:    ... okay on input line 24.
LaTeX Font Info:    Checking defaults for OMX/cmex/m/n on input line 24.
LaTeX Font Info:    ... okay on input line 24.
LaTeX Font Info:    Checking defaults for U/cmr/m/n on input line 24.
LaTeX Font Info:    ... okay on input line 24.
LaTeX Font Info:    Checking defaults for PD1/pdf/m/n on input line 24.
LaTeX Font Info:    ... okay on input line 24.
LaTeX Font Info:    Checking defaults for PU/pdf/m/n on input line 24.
LaTeX Font Info:    ... okay on input line 24.
 (/usr/share/texmf-dist/tex/context/base/mkii/supp-pdf.mkii
[Loading MPS to PDF converter (version 2006.09.02).]
\scratchcounter=\count306
\scratchdimen=\dimen162
\scratchbox=\box60
\nofMPsegments=\count307
\nofMParguments=\count308
\everyMPshowfont=\toks29
\MPscratchCnt=\count309
\MPscratchDim=\dimen163
\MPnumerator=\count310
\makeMPintoPDFobject=\count311
\everyMPtoPDFconversion=\toks30
) (/usr/share/texmf-dist/tex/latex/epstopdf-pkg/epstopdf-base.sty
Package: epstopdf-base 2020-01-24 v2.11 Base part for package epstopdf
Package epstopdf-base Info: Redefining graphics rule for `.eps' on input line 4
85.

(/usr/share/texmf-dist/tex/latex/latexconfig/epstopdf-sys.cfg
File: epstopdf-sys.cfg 2010/07/13 v1.3 Configuration of (r)epstopdf for TeX Liv
e
))
\c@lstlisting=\count312
Package hyperref Info: Link coloring ON on input line 24.
 (./report.out)
(./report.out)
\@outlinefile=\write3
\openout3 = `report.out'.

LaTeX Font Info:    Trying to load font information for OT1+lmr on input line 3
9.
 (/usr/share/texmf-dist/tex/latex/lm/ot1lmr.fd
File: ot1lmr.fd 2015/05/01 v1.6.1 Font defs for Latin Modern
)
LaTeX Font Info:    Trying to load font information for OML+lmm on input line 3
9.

(/usr/share/texmf-dist/tex/latex/lm/omllmm.fd
File: omllmm.fd 2015/05/01 v1.6.1 Font defs for Latin Modern
)
LaTeX Font Info:    Trying to load font information for OMS+lmsy on input line 
39.

(/usr/share/texmf-dist/tex/latex/lm/omslmsy.fd
File: omslmsy.fd 2015/05/01 v1.6.1 Font defs for Latin Modern
)
LaTeX Font Info:    Trying to load font information for OMX+lmex on input line 
39.

(/usr/share/texmf-dist/tex/latex/lm/omxlmex.fd
File: omxlmex.fd 2015/05/01 v1.6.1 Font defs for Latin Modern
)
LaTeX Font Info:    External font `lmex10' loaded for size
(Font)              <14.4> on input line 39.
LaTeX Font Info:    External font `lmex10' loaded for size
(Font)              <10> on input line 39.
LaTeX Font Info:    External font `lmex10' loaded for size
(Font)              <7> on input line 39.
LaTeX Font Info:    Trying to load font information for U+msa on input line 39.


(/usr/share/texmf-dist/tex/latex/amsfonts/umsa.fd
File: umsa.fd 2013/01/14 v3.01 AMS symbols A
)
LaTeX Font Info:    Trying to load font information for U+msb on input line 39.


(/usr/share/texmf-dist/tex/latex/amsfonts/umsb.fd
File: umsb.fd 2013/01/14 v3.01 AMS symbols B
)

[1

{/var/lib/texmf/fonts/map/pdftex/updmap/pdftex.map}{/usr/share/texmf-dist/fonts
/enc/dvips/lm/lm-ec.enc}] (./report.toc
LaTeX Font Info:    External font `lmex10' loaded for size
(Font)              <12> on input line 2.
LaTeX Font Info:    External font `lmex10' loaded for size
(Font)              <8> on input line 2.
LaTeX Font Info:    External font `lmex10' loaded for size
(Font)              <6> on input line 2.
)
\tf@toc=\write4
\openout4 = `report.toc'.



[1]
Underfull \hbox (badness 10000) in paragraph at lines 53--54

 []


LaTeX Warning: Citation `luksan1999' on page 1 undefined on input line 55.


Underfull \hbox (badness 10000) in paragraph at lines 55--56

 []


LaTeX Warning: Citation `luksan1999' on page 1 undefined on input line 57.


Underfull \hbox (badness 10000) in paragraph at lines 64--66

 []




pdfTeX warning (ext4): destination with the same identifier (name{page.1}) has 
been already used, duplicate ignored
<to be read again> 
                   \relax 
l.71 	
       [1{/usr/share/texmf-dist/fonts/enc/dvips/lm/lm-mathit.enc}{/usr/share/te
xmf-dist/fonts/enc/dvips/lm/lm-rm.enc}{/usr/share/texmf-dist/fonts/enc/dvips/lm
/lm-mathsy.enc}{/usr/share/texmf-dist/fonts/enc/dvips/lm/lm-mathex.enc}]

[2]
Underfull \hbox (badness 10000) in paragraph at lines 93--95

 []

LaTeX Font Info:    Trying to load font information for TS1+lmr on input line 1
06.
(/usr/share/texmf-dist/tex/latex/lm/ts1lmr.fd
File: ts1lmr.fd 2015/05/01 v1.6.1 Font defs for Latin Modern
)
LaTeX Font Info:    Trying to load font information for T1+lmtt on input line 1
06.

(/usr/share/texmf-dist/tex/latex/lm/t1lmtt.fd
File: t1lmtt.fd 2015/05/01 v1.6.1 Font defs for Latin Modern
)

[3]
Underfull \hbox (badness 10000) in paragraph at lines 115--116

 []



[4{/usr/share/texmf-dist/fonts/enc/dvips/lm/lm-ts1.enc}]
Underfull \hbox (badness 10000) in paragraph at lines 127--128

 []



[5]
Underfull \hbox (badness 10000) in paragraph at lines 180--181

 []



[6]

[7]
Underfull \hbox (badness 10000) in paragraph at lines 208--210

 []


Underfull \hbox (badness 10000) in paragraph at lines 214--215

 []

<../immagini/rosen3D_A.png, id=192, 578.16pt x 433.62pt>
File: ../immagini/rosen3D_A.png Graphic file (type png)
<use ../immagini/rosen3D_A.png>
Package pdftex.def Info: ../immagini/rosen3D_A.png  used on input line 219.
(pdftex.def)             Requested size: 272.99881pt x 204.74759pt.


[8
pdfTeX warning (ext4): destination with the same identifier (name{figure.1}) ha
s been already used, duplicate ignored
<argument> ...shipout:D \box_use:N \l_shipout_box 
                                                  \__shipout_drop_firstpage_...
l.230 	\newpage
                <../immagini/rosen3D_A.png>]
Underfull \hbox (badness 10000) in paragraph at lines 233--234

 []


Overfull \hbox (38.50848pt too wide) in paragraph at lines 240--246
[][]
 []

<../immagini/grafrosennewton.png, id=200, 1156.32pt x 650.43pt>
File: ../immagini/grafrosennewton.png Graphic file (type png)
<use ../immagini/grafrosennewton.png>
Package pdftex.def Info: ../immagini/grafrosennewton.png  used on input line 25
1.
(pdftex.def)             Requested size: 272.99881pt x 153.55573pt.


[9
pdfTeX warning (ext4): destination with the same identifier (name{table.1}) has
 been already used, duplicate ignored
<argument> ...shipout:D \box_use:N \l_shipout_box 
                                                  \__shipout_drop_firstpage_...
l.255 	\newpage
               
pdfTeX warning (ext4): destination with the same identifier (name{figure.2}) ha
s been already used, duplicate ignored
<argument> ...shipout:D \box_use:N \l_shipout_box 
                                                  \__shipout_drop_firstpage_...
l.255 	\newpage
                <../immagini/grafrosennewton.png (PNG copy)>]
Overfull \hbox (43.07782pt too wide) in paragraph at lines 258--264
[][]
 []

<../immagini/grafrosennelder.png, id=207, 421.575pt x 316.18124pt>
File: ../immagini/grafrosennelder.png Graphic file (type png)
<use ../immagini/grafrosennelder.png>
Package pdftex.def Info: ../immagini/grafrosennelder.png  used on input line 26
9.
(pdftex.def)             Requested size: 312.00119pt x 234.00423pt.


[10
pdfTeX warning (ext4): destination with the same identifier (name{table.2}) has
 been already used, duplicate ignored
<argument> ...shipout:D \box_use:N \l_shipout_box 
                                                  \__shipout_drop_firstpage_...
l.287 	\newpage
               
pdfTeX warning (ext4): destination with the same identifier (name{figure.3}) ha
s been already used, duplicate ignored
<argument> ...shipout:D \box_use:N \l_shipout_box 
                                                  \__shipout_drop_firstpage_...
l.287 	\newpage
                <../immagini/grafrosennelder.png (PNG copy)>]
Underfull \hbox (badness 10000) in paragraph at lines 301--302

 []



[11]
<../immagini/ext_rosen_3d.png, id=220, 433.62pt x 361.35pt>
File: ../immagini/ext_rosen_3d.png Graphic file (type png)
<use ../immagini/ext_rosen_3d.png>
Package pdftex.def Info: ../immagini/ext_rosen_3d.png  used on input line 318.
(pdftex.def)             Requested size: 234.00238pt x 195.00479pt.


[12
pdfTeX warning (ext4): destination with the same identifier (name{figure.4}) ha
s been already used, duplicate ignored
<argument> ...shipout:D \box_use:N \l_shipout_box 
                                                  \__shipout_drop_firstpage_...
l.340 		\]
           <../immagini/ext_rosen_3d.png>]

[13]
<../immagini/ext_1k.png, id=232, 1156.32pt x 650.43pt>
File: ../immagini/ext_1k.png Graphic file (type png)
<use ../immagini/ext_1k.png>
Package pdftex.def Info: ../immagini/ext_1k.png  used on input line 414.
(pdftex.def)             Requested size: 331.50238pt x 186.46619pt.


[14
pdfTeX warning (ext4): destination with the same identifier (name{table.3}) has
 been already used, duplicate ignored
<argument> ...shipout:D \box_use:N \l_shipout_box 
                                                  \__shipout_drop_firstpage_...
l.418 	
       ]
<../immagini/ext_10k.png, id=239, 1156.32pt x 650.43pt>
File: ../immagini/ext_10k.png Graphic file (type png)
<use ../immagini/ext_10k.png>
Package pdftex.def Info: ../immagini/ext_10k.png  used on input line 421.
(pdftex.def)             Requested size: 331.50238pt x 186.46619pt.
<../immagini/ext_100k.png, id=240, 1156.32pt x 650.43pt>
File: ../immagini/ext_100k.png Graphic file (type png)
<use ../immagini/ext_100k.png>
Package pdftex.def Info: ../immagini/ext_100k.png  used on input line 428.
(pdftex.def)             Requested size: 331.50238pt x 186.46619pt.


[15
pdfTeX warning (ext4): destination with the same identifier (name{figure.5}) ha
s been already used, duplicate ignored
<argument> ...shipout:D \box_use:N \l_shipout_box 
                                                  \__shipout_drop_firstpage_...
l.432 	
       
pdfTeX warning (ext4): destination with the same identifier (name{figure.6}) ha
s been already used, duplicate ignored
<argument> ...shipout:D \box_use:N \l_shipout_box 
                                                  \__shipout_drop_firstpage_...
l.432 	
        <../immagini/ext_1k.png (PNG copy)> <../immagini/ext_10k.png (PNG copy)
>]
<../immagini/ext_time.png, id=247, 421.575pt x 316.18124pt>
File: ../immagini/ext_time.png Graphic file (type png)
<use ../immagini/ext_time.png>
Package pdftex.def Info: ../immagini/ext_time.png  used on input line 435.
(pdftex.def)             Requested size: 234.00238pt x 175.50195pt.


[16
pdfTeX warning (ext4): destination with the same identifier (name{figure.7}) ha
s been already used, duplicate ignored
<argument> ...shipout:D \box_use:N \l_shipout_box 
                                                  \__shipout_drop_firstpage_...
l.443 	\paragraph
                 {Gradient approximation.}
pdfTeX warning (ext4): destination with the same identifier (name{figure.8}) ha
s been already used, duplicate ignored
<argument> ...shipout:D \box_use:N \l_shipout_box 
                                                  \__shipout_drop_firstpage_...
l.443 	\paragraph
                 {Gradient approximation.} <../immagini/ext_100k.png (PNG copy)
> <../immagini/ext_time.png (PNG copy)>]
Overfull \hbox (28.76572pt too wide) detected at line 496
[]\OT1/lmr/m/n/12 (\OML/lmm/m/it/12 x\OT1/lmr/m/n/12 ) \OMS/lmsy/m/n/12 ^^Y []
 []



[17]
Underfull \hbox (badness 10000) in paragraph at lines 507--508

 []



[18]
<../immagini/ext_1k_h2.png, id=270, 1503.36656pt x 672.26157pt>
File: ../immagini/ext_1k_h2.png Graphic file (type png)
<use ../immagini/ext_1k_h2.png>
Package pdftex.def Info: ../immagini/ext_1k_h2.png  used on input line 562.
(pdftex.def)             Requested size: 350.99762pt x 156.9557pt.
File: ../immagini/ext_1k_h2.png Graphic file (type png)
<use ../immagini/ext_1k_h2.png>
Package pdftex.def Info: ../immagini/ext_1k_h2.png  used on input line 567.
(pdftex.def)             Requested size: 350.99762pt x 156.9557pt.

Underfull \hbox (badness 10000) in paragraph at lines 560--570
[]$[]$
 []



[19
pdfTeX warning (ext4): destination with the same identifier (name{table.4}) has
 been already used, duplicate ignored
<argument> ...shipout:D \box_use:N \l_shipout_box 
                                                  \__shipout_drop_firstpage_...
l.571 		
        ]

[20
pdfTeX warning (ext4): destination with the same identifier (name{figure.9}) ha
s been already used, duplicate ignored
<argument> ...shipout:D \box_use:N \l_shipout_box 
                                                  \__shipout_drop_firstpage_...
l.586 		\newpage
                
pdfTeX warning (ext4): destination with the same identifier (name{figure.10}) h
as been already used, duplicate ignored
<argument> ...shipout:D \box_use:N \l_shipout_box 
                                                  \__shipout_drop_firstpage_...
l.586 		\newpage
                 <../immagini/ext_1k_h2.png (PNG copy)>]

[21
pdfTeX warning (ext4): destination with the same identifier (name{table.5}) has
 been already used, duplicate ignored
<argument> ...shipout:D \box_use:N \l_shipout_box 
                                                  \__shipout_drop_firstpage_...
l.633 		\newpage
                ]
<../immagini/ext_10k_h2.png, id=289, 1503.36656pt x 672.26157pt>
File: ../immagini/ext_10k_h2.png Graphic file (type png)
<use ../immagini/ext_10k_h2.png>
Package pdftex.def Info: ../immagini/ext_10k_h2.png  used on input line 639.
(pdftex.def)             Requested size: 350.99762pt x 156.9557pt.
<../immagini/ext_10k_h12.png, id=290, 1503.36656pt x 672.26157pt>
File: ../immagini/ext_10k_h12.png Graphic file (type png)
<use ../immagini/ext_10k_h12.png>
Package pdftex.def Info: ../immagini/ext_10k_h12.png  used on input line 643.
(pdftex.def)             Requested size: 350.99762pt x 156.9557pt.

Underfull \hbox (badness 10000) in paragraph at lines 636--646
[]$[]$
 []



[22
pdfTeX warning (ext4): destination with the same identifier (name{figure.11}) h
as been already used, duplicate ignored
<argument> ...shipout:D \box_use:N \l_shipout_box 
                                                  \__shipout_drop_firstpage_...
l.671 		\newpage
                
pdfTeX warning (ext4): destination with the same identifier (name{figure.12}) h
as been already used, duplicate ignored
<argument> ...shipout:D \box_use:N \l_shipout_box 
                                                  \__shipout_drop_firstpage_...
l.671 		\newpage
                 <../immagini/ext_10k_h2.png (PNG copy)> <../immagini/ext_10k_h
12.png (PNG copy)>]

[23
pdfTeX warning (ext4): destination with the same identifier (name{table.6}) has
 been already used, duplicate ignored
<argument> ...shipout:D \box_use:N \l_shipout_box 
                                                  \__shipout_drop_firstpage_...
l.720 		\newpage
                ]
<../immagini/ext_100k_h2.png, id=303, 1503.36656pt x 672.26157pt>
File: ../immagini/ext_100k_h2.png Graphic file (type png)
<use ../immagini/ext_100k_h2.png>
Package pdftex.def Info: ../immagini/ext_100k_h2.png  used on input line 726.
(pdftex.def)             Requested size: 350.99762pt x 156.9557pt.
<../immagini/ext_100k_h12.png, id=304, 1503.36656pt x 672.26157pt>
File: ../immagini/ext_100k_h12.png Graphic file (type png)
<use ../immagini/ext_100k_h12.png>
Package pdftex.def Info: ../immagini/ext_100k_h12.png  used on input line 731.
(pdftex.def)             Requested size: 350.99762pt x 156.9557pt.

Underfull \hbox (badness 10000) in paragraph at lines 723--733
[]$[]$
 []



[24
pdfTeX warning (ext4): destination with the same identifier (name{figure.13}) h
as been already used, duplicate ignored
<argument> ...shipout:D \box_use:N \l_shipout_box 
                                                  \__shipout_drop_firstpage_...
l.755 	\newpage
               
pdfTeX warning (ext4): destination with the same identifier (name{figure.14}) h
as been already used, duplicate ignored
<argument> ...shipout:D \box_use:N \l_shipout_box 
                                                  \__shipout_drop_firstpage_...
l.755 	\newpage
                <../immagini/ext_100k_h2.png (PNG copy)> <../immagini/ext_100k_
h12.png (PNG copy)>]

[25]
<../immagini/ext_10.png, id=317, 1156.32pt x 650.43pt>
File: ../immagini/ext_10.png Graphic file (type png)
<use ../immagini/ext_10.png>
Package pdftex.def Info: ../immagini/ext_10.png  used on input line 806.
(pdftex.def)             Requested size: 390.0pt x 219.36674pt.
<../immagini/ext_26.png, id=318, 1156.32pt x 650.43pt>
File: ../immagini/ext_26.png Graphic file (type png)
<use ../immagini/ext_26.png>
Package pdftex.def Info: ../immagini/ext_26.png  used on input line 813.
(pdftex.def)             Requested size: 390.0pt x 219.36674pt.
<../immagini/ext_50.png, id=319, 1156.32pt x 650.43pt>
File: ../immagini/ext_50.png Graphic file (type png)
<use ../immagini/ext_50.png>
Package pdftex.def Info: ../immagini/ext_50.png  used on input line 820.
(pdftex.def)             Requested size: 390.0pt x 219.36674pt.
<../immagini/ext_time_nelder.png, id=320, 421.575pt x 316.18124pt>
File: ../immagini/ext_time_nelder.png Graphic file (type png)
<use ../immagini/ext_time_nelder.png>
Package pdftex.def Info: ../immagini/ext_time_nelder.png  used on input line 82
7.
(pdftex.def)             Requested size: 234.00238pt x 175.50195pt.


[26
pdfTeX warning (ext4): destination with the same identifier (name{table.7}) has
 been already used, duplicate ignored
<argument> ...shipout:D \box_use:N \l_shipout_box 
                                                  \__shipout_drop_firstpage_...
l.831 	\newpage
               
pdfTeX warning (ext4): destination with the same identifier (name{figure.15}) h
as been already used, duplicate ignored
<argument> ...shipout:D \box_use:N \l_shipout_box 
                                                  \__shipout_drop_firstpage_...
l.831 	\newpage
                <../immagini/ext_10.png (PNG copy)>]

[27
pdfTeX warning (ext4): destination with the same identifier (name{figure.16}) h
as been already used, duplicate ignored
<argument> ...shipout:D \box_use:N \l_shipout_box 
                                                  \__shipout_drop_firstpage_...
l.831 	\newpage
               
pdfTeX warning (ext4): destination with the same identifier (name{figure.17}) h
as been already used, duplicate ignored
<argument> ...shipout:D \box_use:N \l_shipout_box 
                                                  \__shipout_drop_firstpage_...
l.831 	\newpage
                <../immagini/ext_26.png (PNG copy)> <../immagini/ext_50.png (PN
G copy)>]

[28
pdfTeX warning (ext4): destination with the same identifier (name{figure.18}) h
as been already used, duplicate ignored
<argument> ...shipout:D \box_use:N \l_shipout_box 
                                                  \__shipout_drop_firstpage_...
l.831 	\newpage
                <../immagini/ext_time_nelder.png (PNG copy)>]
<../immagini/broyden.png, id=338, 462.528pt x 346.896pt>
File: ../immagini/broyden.png Graphic file (type png)
<use ../immagini/broyden.png>
Package pdftex.def Info: ../immagini/broyden.png  used on input line 855.
(pdftex.def)             Requested size: 253.49762pt x 190.12643pt.


[29
pdfTeX warning (ext4): destination with the same identifier (name{figure.19}) h
as been already used, duplicate ignored
<argument> ...shipout:D \box_use:N \l_shipout_box 
                                                  \__shipout_drop_firstpage_...
l.864 		\item
              \texttt{n} $= 10^{3},10^{4},10^{5}$; <../immagini/broyden.png>]

[30]

[31
pdfTeX warning (ext4): destination with the same identifier (name{table.8}) has
 been already used, duplicate ignored
<argument> ...shipout:D \box_use:N \l_shipout_box 
                                                  \__shipout_drop_firstpage_...
l.948 	
       ]
<../immagini/broyden_1k.png, id=358, 1156.32pt x 650.43pt>
File: ../immagini/broyden_1k.png Graphic file (type png)
<use ../immagini/broyden_1k.png>
Package pdftex.def Info: ../immagini/broyden_1k.png  used on input line 951.
(pdftex.def)             Requested size: 390.0pt x 219.36674pt.
<../immagini/broyden_10k.png, id=359, 1156.32pt x 650.43pt>
File: ../immagini/broyden_10k.png Graphic file (type png)
<use ../immagini/broyden_10k.png>
Package pdftex.def Info: ../immagini/broyden_10k.png  used on input line 958.
(pdftex.def)             Requested size: 390.0pt x 219.36674pt.
<../immagini/broyden_100k.png, id=360, 1156.32pt x 650.43pt>
File: ../immagini/broyden_100k.png Graphic file (type png)
<use ../immagini/broyden_100k.png>
Package pdftex.def Info: ../immagini/broyden_100k.png  used on input line 965.
(pdftex.def)             Requested size: 390.0pt x 219.36674pt.


[32
pdfTeX warning (ext4): destination with the same identifier (name{figure.20}) h
as been already used, duplicate ignored
<argument> ...shipout:D \box_use:N \l_shipout_box 
                                                  \__shipout_drop_firstpage_...
l.969 	
        <../immagini/broyden_1k.png (PNG copy)>]

[33
pdfTeX warning (ext4): destination with the same identifier (name{figure.21}) h
as been already used, duplicate ignored
<argument> ...shipout:D \box_use:N \l_shipout_box 
                                                  \__shipout_drop_firstpage_...
l.969 	
       
pdfTeX warning (ext4): destination with the same identifier (name{figure.22}) h
as been already used, duplicate ignored
<argument> ...shipout:D \box_use:N \l_shipout_box 
                                                  \__shipout_drop_firstpage_...
l.969 	
        <../immagini/broyden_10k.png (PNG copy)> <../immagini/broyden_100k.png 
(PNG copy)>]
<../immagini/broyden_time_exact.png, id=372, 421.575pt x 316.18124pt>
File: ../immagini/broyden_time_exact.png Graphic file (type png)
<use ../immagini/broyden_time_exact.png>
Package pdftex.def Info: ../immagini/broyden_time_exact.png  used on input line
 972.
(pdftex.def)             Requested size: 234.00238pt x 175.50195pt.


[34
pdfTeX warning (ext4): destination with the same identifier (name{figure.23}) h
as been already used, duplicate ignored
<argument> ...shipout:D \box_use:N \l_shipout_box 
                                                  \__shipout_drop_firstpage_...
l.1006 	\[
          	 <../immagini/broyden_time_exact.png (PNG copy)>]

[35]

[36
pdfTeX warning (ext4): destination with the same identifier (name{table.9}) has
 been already used, duplicate ignored
<argument> ...shipout:D \box_use:N \l_shipout_box 
                                                  \__shipout_drop_firstpage_...
l.1080 	\newpage
                ]
<../immagini/broyden_1k_h2.png, id=393, 1503.36656pt x 672.26157pt>
File: ../immagini/broyden_1k_h2.png Graphic file (type png)
<use ../immagini/broyden_1k_h2.png>
Package pdftex.def Info: ../immagini/broyden_1k_h2.png  used on input line 1083
.
(pdftex.def)             Requested size: 390.0pt x 174.39407pt.
<../immagini/broyden_1k_h12.png, id=394, 1503.36656pt x 672.26157pt>
File: ../immagini/broyden_1k_h12.png Graphic file (type png)
<use ../immagini/broyden_1k_h12.png>
Package pdftex.def Info: ../immagini/broyden_1k_h12.png  used on input line 109
0.
(pdftex.def)             Requested size: 390.0pt x 174.39407pt.


[37
pdfTeX warning (ext4): destination with the same identifier (name{figure.24}) h
as been already used, duplicate ignored
<argument> ...shipout:D \box_use:N \l_shipout_box 
                                                  \__shipout_drop_firstpage_...
l.1094 	\newpage
                
pdfTeX warning (ext4): destination with the same identifier (name{figure.25}) h
as been already used, duplicate ignored
<argument> ...shipout:D \box_use:N \l_shipout_box 
                                                  \__shipout_drop_firstpage_...
l.1094 	\newpage
                 <../immagini/broyden_1k_h2.png (PNG copy)> <../immagini/broyde
n_1k_h12.png (PNG copy)>]
<../immagini/broyden_10k_h2.png, id=401, 1503.36656pt x 672.26157pt>
File: ../immagini/broyden_10k_h2.png Graphic file (type png)
<use ../immagini/broyden_10k_h2.png>
Package pdftex.def Info: ../immagini/broyden_10k_h2.png  used on input line 114
4.
(pdftex.def)             Requested size: 390.0pt x 174.39407pt.
<../immagini/broyden_10k_h12.png, id=402, 1503.36656pt x 672.26157pt>
File: ../immagini/broyden_10k_h12.png Graphic file (type png)
<use ../immagini/broyden_10k_h12.png>
Package pdftex.def Info: ../immagini/broyden_10k_h12.png  used on input line 11
51.
(pdftex.def)             Requested size: 390.0pt x 174.39407pt.


[38
pdfTeX warning (ext4): destination with the same identifier (name{table.10}) ha
s been already used, duplicate ignored
<argument> ...shipout:D \box_use:N \l_shipout_box 
                                                  \__shipout_drop_firstpage_...
l.1155 	\newpage
                ]

[39
pdfTeX warning (ext4): destination with the same identifier (name{figure.26}) h
as been already used, duplicate ignored
<argument> ...shipout:D \box_use:N \l_shipout_box 
                                                  \__shipout_drop_firstpage_...
l.1155 	\newpage
                
pdfTeX warning (ext4): destination with the same identifier (name{figure.27}) h
as been already used, duplicate ignored
<argument> ...shipout:D \box_use:N \l_shipout_box 
                                                  \__shipout_drop_firstpage_...
l.1155 	\newpage
                 <../immagini/broyden_10k_h2.png (PNG copy)> <../immagini/broyd
en_10k_h12.png (PNG copy)>]

[40
pdfTeX warning (ext4): destination with the same identifier (name{table.11}) ha
s been already used, duplicate ignored
<argument> ...shipout:D \box_use:N \l_shipout_box 
                                                  \__shipout_drop_firstpage_...
l.1202 	\newpage
                ]
<../immagini/broyden_100k_h2.png, id=419, 1503.36656pt x 672.26157pt>
File: ../immagini/broyden_100k_h2.png Graphic file (type png)
<use ../immagini/broyden_100k_h2.png>
Package pdftex.def Info: ../immagini/broyden_100k_h2.png  used on input line 12
05.
(pdftex.def)             Requested size: 390.0pt x 174.39407pt.
<../immagini/broyden_100k_h12.png, id=420, 1503.36656pt x 672.26157pt>
File: ../immagini/broyden_100k_h12.png Graphic file (type png)
<use ../immagini/broyden_100k_h12.png>
Package pdftex.def Info: ../immagini/broyden_100k_h12.png  used on input line 1
212.
(pdftex.def)             Requested size: 390.0pt x 174.39407pt.


[41
pdfTeX warning (ext4): destination with the same identifier (name{figure.28}) h
as been already used, duplicate ignored
<argument> ...shipout:D \box_use:N \l_shipout_box 
                                                  \__shipout_drop_firstpage_...
l.1217 	\newpage
                
pdfTeX warning (ext4): destination with the same identifier (name{figure.29}) h
as been already used, duplicate ignored
<argument> ...shipout:D \box_use:N \l_shipout_box 
                                                  \__shipout_drop_firstpage_...
l.1217 	\newpage
                 <../immagini/broyden_100k_h2.png (PNG copy)> <../immagini/broy
den_100k_h12.png (PNG copy)>]

[42
pdfTeX warning (ext4): destination with the same identifier (name{table.12}) ha
s been already used, duplicate ignored
<argument> ...shipout:D \box_use:N \l_shipout_box 
                                                  \__shipout_drop_firstpage_...
l.1270 	
        ]
<../immagini/broyden_10.png, id=433, 1156.32pt x 650.43pt>
File: ../immagini/broyden_10.png Graphic file (type png)
<use ../immagini/broyden_10.png>
Package pdftex.def Info: ../immagini/broyden_10.png  used on input line 1273.
(pdftex.def)             Requested size: 390.0pt x 219.36674pt.


[43
pdfTeX warning (ext4): destination with the same identifier (name{figure.30}) h
as been already used, duplicate ignored
<argument> ...shipout:D \box_use:N \l_shipout_box 
                                                  \__shipout_drop_firstpage_...
l.1277 	\newpage
                 <../immagini/broyden_10.png (PNG copy)>]
<../immagini/broyden_26.png, id=440, 1156.32pt x 650.43pt>
File: ../immagini/broyden_26.png Graphic file (type png)
<use ../immagini/broyden_26.png>
Package pdftex.def Info: ../immagini/broyden_26.png  used on input line 1280.
(pdftex.def)             Requested size: 390.0pt x 219.36674pt.
<../immagini/broyden_50.png, id=441, 1156.32pt x 650.43pt>
File: ../immagini/broyden_50.png Graphic file (type png)
<use ../immagini/broyden_50.png>
Package pdftex.def Info: ../immagini/broyden_50.png  used on input line 1287.
(pdftex.def)             Requested size: 390.0pt x 219.36674pt.


[44
pdfTeX warning (ext4): destination with the same identifier (name{figure.31}) h
as been already used, duplicate ignored
<argument> ...shipout:D \box_use:N \l_shipout_box 
                                                  \__shipout_drop_firstpage_...
l.1291 	
         <../immagini/broyden_26.png (PNG copy)>]
<../immagini/broyden_time_nelder.png, id=448, 421.575pt x 316.18124pt>
File: ../immagini/broyden_time_nelder.png Graphic file (type png)
<use ../immagini/broyden_time_nelder.png>
Package pdftex.def Info: ../immagini/broyden_time_nelder.png  used on input lin
e 1294.
(pdftex.def)             Requested size: 234.00238pt x 175.50195pt.


[45
pdfTeX warning (ext4): destination with the same identifier (name{figure.32}) h
as been already used, duplicate ignored
<argument> ...shipout:D \box_use:N \l_shipout_box 
                                                  \__shipout_drop_firstpage_...
l.1303 	
        
pdfTeX warning (ext4): destination with the same identifier (name{figure.33}) h
as been already used, duplicate ignored
<argument> ...shipout:D \box_use:N \l_shipout_box 
                                                  \__shipout_drop_firstpage_...
l.1303 	
         <../immagini/broyden_50.png (PNG copy)> <../immagini/broyden_time_neld
er.png (PNG copy)>]
<../immagini/banded_3D.png, id=456, 722.7pt x 433.62pt>
File: ../immagini/banded_3D.png Graphic file (type png)
<use ../immagini/banded_3D.png>
Package pdftex.def Info: ../immagini/banded_3D.png  used on input line 1316.
(pdftex.def)             Requested size: 253.49762pt x 152.1001pt.


[46
pdfTeX warning (ext4): destination with the same identifier (name{figure.34}) h
as been already used, duplicate ignored
<argument> ...shipout:D \box_use:N \l_shipout_box 
                                                  \__shipout_drop_firstpage_...
l.1321 	\newpage
                 <../immagini/banded_3D.png>]
Underfull \hbox (badness 10000) in paragraph at lines 1326--1328

 []



[47]
Underfull \hbox (badness 10000) in paragraph at lines 1349--1350

 []



[48]
<../immagini/banded_1k.png, id=473, 1156.32pt x 650.43pt>
File: ../immagini/banded_1k.png Graphic file (type png)
<use ../immagini/banded_1k.png>
Package pdftex.def Info: ../immagini/banded_1k.png  used on input line 1411.
(pdftex.def)             Requested size: 390.0pt x 219.36674pt.


[49
pdfTeX warning (ext4): destination with the same identifier (name{table.13}) ha
s been already used, duplicate ignored
<argument> ...shipout:D \box_use:N \l_shipout_box 
                                                  \__shipout_drop_firstpage_...
l.1415 	
        ]
<../immagini/banded_10k.png, id=480, 1156.32pt x 650.43pt>
File: ../immagini/banded_10k.png Graphic file (type png)
<use ../immagini/banded_10k.png>
Package pdftex.def Info: ../immagini/banded_10k.png  used on input line 1418.
(pdftex.def)             Requested size: 390.0pt x 219.36674pt.
<../immagini/banded_100k.png, id=481, 1156.32pt x 650.43pt>
File: ../immagini/banded_100k.png Graphic file (type png)
<use ../immagini/banded_100k.png>
Package pdftex.def Info: ../immagini/banded_100k.png  used on input line 1425.
(pdftex.def)             Requested size: 390.0pt x 219.36674pt.


[50
pdfTeX warning (ext4): destination with the same identifier (name{figure.35}) h
as been already used, duplicate ignored
<argument> ...shipout:D \box_use:N \l_shipout_box 
                                                  \__shipout_drop_firstpage_...
l.1429 	
        
pdfTeX warning (ext4): destination with the same identifier (name{figure.36}) h
as been already used, duplicate ignored
<argument> ...shipout:D \box_use:N \l_shipout_box 
                                                  \__shipout_drop_firstpage_...
l.1429 	
         <../immagini/banded_1k.png (PNG copy)> <../immagini/banded_10k.png (PN
G copy)>]
<../immagini/banded_time.png, id=488, 421.575pt x 316.0608pt>
File: ../immagini/banded_time.png Graphic file (type png)
<use ../immagini/banded_time.png>
Package pdftex.def Info: ../immagini/banded_time.png  used on input line 1432.
(pdftex.def)             Requested size: 214.50119pt x 160.81752pt.


[51
pdfTeX warning (ext4): destination with the same identifier (name{figure.37}) h
as been already used, duplicate ignored
<argument> ...shipout:D \box_use:N \l_shipout_box 
                                                  \__shipout_drop_firstpage_...
l.1437 	\newpage
                
pdfTeX warning (ext4): destination with the same identifier (name{figure.38}) h
as been already used, duplicate ignored
<argument> ...shipout:D \box_use:N \l_shipout_box 
                                                  \__shipout_drop_firstpage_...
l.1437 	\newpage
                 <../immagini/banded_100k.png (PNG copy)> <../immagini/banded_t
ime.png (PNG copy)>]
Overfull \hbox (50.14429pt too wide) detected at line 1466
[][][][] \OMS/lmsy/m/n/12 ^^Y [] \OML/lmm/m/it/12 :
 []



[52]

[53]

[54
pdfTeX warning (ext4): destination with the same identifier (name{table.14}) ha
s been already used, duplicate ignored
<argument> ...shipout:D \box_use:N \l_shipout_box 
                                                  \__shipout_drop_firstpage_...
l.1521 	\newpage
                ]
<../immagini/banded_1k_h2.png, id=517, 1503.216pt x 672.111pt>
File: ../immagini/banded_1k_h2.png Graphic file (type png)
<use ../immagini/banded_1k_h2.png>
Package pdftex.def Info: ../immagini/banded_1k_h2.png  used on input line 1524.

(pdftex.def)             Requested size: 390.0pt x 174.37553pt.
<../immagini/banded_1k_h12.png, id=518, 1503.216pt x 672.111pt>
File: ../immagini/banded_1k_h12.png Graphic file (type png)
<use ../immagini/banded_1k_h12.png>
Package pdftex.def Info: ../immagini/banded_1k_h12.png  used on input line 1531
.
(pdftex.def)             Requested size: 390.0pt x 174.37553pt.


[55
pdfTeX warning (ext4): destination with the same identifier (name{figure.39}) h
as been already used, duplicate ignored
<argument> ...shipout:D \box_use:N \l_shipout_box 
                                                  \__shipout_drop_firstpage_...
l.1535 	\newpage
                
pdfTeX warning (ext4): destination with the same identifier (name{figure.40}) h
as been already used, duplicate ignored
<argument> ...shipout:D \box_use:N \l_shipout_box 
                                                  \__shipout_drop_firstpage_...
l.1535 	\newpage
                 <../immagini/banded_1k_h2.png (PNG copy)> <../immagini/banded_
1k_h12.png (PNG copy)>]

[56
pdfTeX warning (ext4): destination with the same identifier (name{table.15}) ha
s been already used, duplicate ignored
<argument> ...shipout:D \box_use:N \l_shipout_box 
                                                  \__shipout_drop_firstpage_...
l.1582 	\newpage
                ]
<../immagini/banded_10k_h2.png, id=530, 1503.216pt x 672.111pt>
File: ../immagini/banded_10k_h2.png Graphic file (type png)
<use ../immagini/banded_10k_h2.png>
Package pdftex.def Info: ../immagini/banded_10k_h2.png  used on input line 1586
.
(pdftex.def)             Requested size: 390.0pt x 174.37553pt.
<../immagini/banded_10k_h12.png, id=531, 1503.216pt x 672.111pt>
File: ../immagini/banded_10k_h12.png Graphic file (type png)
<use ../immagini/banded_10k_h12.png>
Package pdftex.def Info: ../immagini/banded_10k_h12.png  used on input line 159
3.
(pdftex.def)             Requested size: 390.0pt x 174.37553pt.


[57
pdfTeX warning (ext4): destination with the same identifier (name{figure.41}) h
as been already used, duplicate ignored
<argument> ...shipout:D \box_use:N \l_shipout_box 
                                                  \__shipout_drop_firstpage_...
l.1600 	\newpage
                
pdfTeX warning (ext4): destination with the same identifier (name{figure.42}) h
as been already used, duplicate ignored
<argument> ...shipout:D \box_use:N \l_shipout_box 
                                                  \__shipout_drop_firstpage_...
l.1600 	\newpage
                 <../immagini/banded_10k_h2.png (PNG copy)> <../immagini/banded
_10k_h12.png (PNG copy)>]

[58
pdfTeX warning (ext4): destination with the same identifier (name{table.16}) ha
s been already used, duplicate ignored
<argument> ...shipout:D \box_use:N \l_shipout_box 
                                                  \__shipout_drop_firstpage_...
l.1647 	\newpage
                ]
<../immagini/banded_100k_h2.png, id=543, 1503.216pt x 672.111pt>
File: ../immagini/banded_100k_h2.png Graphic file (type png)
<use ../immagini/banded_100k_h2.png>
Package pdftex.def Info: ../immagini/banded_100k_h2.png  used on input line 165
0.
(pdftex.def)             Requested size: 390.0pt x 174.37553pt.
<../immagini/banded_100k_h12.png, id=544, 1503.216pt x 672.111pt>
File: ../immagini/banded_100k_h12.png Graphic file (type png)
<use ../immagini/banded_100k_h12.png>
Package pdftex.def Info: ../immagini/banded_100k_h12.png  used on input line 16
57.
(pdftex.def)             Requested size: 390.0pt x 174.37553pt.


[59
pdfTeX warning (ext4): destination with the same identifier (name{figure.43}) h
as been already used, duplicate ignored
<argument> ...shipout:D \box_use:N \l_shipout_box 
                                                  \__shipout_drop_firstpage_...
l.1664 	\newpage
                
pdfTeX warning (ext4): destination with the same identifier (name{figure.44}) h
as been already used, duplicate ignored
<argument> ...shipout:D \box_use:N \l_shipout_box 
                                                  \__shipout_drop_firstpage_...
l.1664 	\newpage
                 <../immagini/banded_100k_h2.png (PNG copy)> <../immagini/bande
d_100k_h12.png (PNG copy)>]
Underfull \hbox (badness 10000) in paragraph at lines 1666--1667

 []



[60]

[61
pdfTeX warning (ext4): destination with the same identifier (name{table.17}) ha
s been already used, duplicate ignored
<argument> ...shipout:D \box_use:N \l_shipout_box 
                                                  \__shipout_drop_firstpage_...
l.1716 	\newpage
                ]
<../immagini/banded_10.png, id=562, 1156.32pt x 650.43pt>
File: ../immagini/banded_10.png Graphic file (type png)
<use ../immagini/banded_10.png>
Package pdftex.def Info: ../immagini/banded_10.png  used on input line 1719.
(pdftex.def)             Requested size: 390.0pt x 219.36674pt.
<../immagini/banded_26.png, id=563, 1156.32pt x 650.43pt>
File: ../immagini/banded_26.png Graphic file (type png)
<use ../immagini/banded_26.png>
Package pdftex.def Info: ../immagini/banded_26.png  used on input line 1726.
(pdftex.def)             Requested size: 390.0pt x 219.36674pt.
<../immagini/banded_50.png, id=564, 1156.32pt x 650.43pt>
File: ../immagini/banded_50.png Graphic file (type png)
<use ../immagini/banded_50.png>
Package pdftex.def Info: ../immagini/banded_50.png  used on input line 1733.
(pdftex.def)             Requested size: 390.0pt x 219.36674pt.
<../immagini/banded_time_nelder.png, id=565, 421.575pt x 316.18124pt>
File: ../immagini/banded_time_nelder.png Graphic file (type png)
<use ../immagini/banded_time_nelder.png>
Package pdftex.def Info: ../immagini/banded_time_nelder.png  used on input line
 1740.
(pdftex.def)             Requested size: 234.00238pt x 175.50195pt.


[62
pdfTeX warning (ext4): destination with the same identifier (name{figure.45}) h
as been already used, duplicate ignored
<argument> ...shipout:D \box_use:N \l_shipout_box 
                                                  \__shipout_drop_firstpage_...
l.1750 	\item
              Extended Rosenbrock function,
pdfTeX warning (ext4): destination with the same identifier (name{figure.46}) h
as been already used, duplicate ignored
<argument> ...shipout:D \box_use:N \l_shipout_box 
                                                  \__shipout_drop_firstpage_...
l.1750 	\item
              Extended Rosenbrock function, <../immagini/banded_10.png (PNG cop
y)> <../immagini/banded_26.png (PNG copy)>]

[63
pdfTeX warning (ext4): destination with the same identifier (name{figure.47}) h
as been already used, duplicate ignored
<argument> ...shipout:D \box_use:N \l_shipout_box 
                                                  \__shipout_drop_firstpage_...
l.1750 	\item
              Extended Rosenbrock function,
pdfTeX warning (ext4): destination with the same identifier (name{figure.48}) h
as been already used, duplicate ignored
<argument> ...shipout:D \box_use:N \l_shipout_box 
                                                  \__shipout_drop_firstpage_...
l.1750 	\item
              Extended Rosenbrock function, <../immagini/banded_50.png (PNG cop
y)> <../immagini/banded_time_nelder.png (PNG copy)>]
Overfull \hbox (3.74622pt too wide) in paragraph at lines 1755--1756
[]\T1/lmr/m/n/12 The Mod-i-fied New-ton method con-sis-tently de-liv-ered su-pe
-rior re-sults across
 []


Underfull \hbox (badness 10000) in paragraph at lines 1755--1756

 []


Underfull \hbox (badness 10000) in paragraph at lines 1757--1758

 []



[64] (./report.aux)
 ***********
LaTeX2e <2024-11-01> patch level 2
L3 programming layer <2025-01-18>
 ***********


LaTeX Warning: There were undefined references.


LaTeX Warning: There were multiply-defined labels.

Package rerunfilecheck Info: File `report.out' has not changed.
(rerunfilecheck)             Checksum: E982F165CDC16E4BCA9D15A7F16E94AF;5367.
 ) 
Here is how much of TeX's memory you used:
 13007 strings out of 475171
 200500 string characters out of 5767095
 614449 words of memory out of 5000000
 35626 multiletter control sequences out of 15000+600000
 632358 words of font info for 94 fonts, out of 8000000 for 9000
 14 hyphenation exceptions out of 8191
 75i,13n,79p,1162b,560s stack positions out of 10000i,1000n,20000p,200000b,200000s

pdfTeX warning (dest): name{equation.1.2} has been referenced but does not exis
t, replaced by a fixed one


pdfTeX warning (dest): name{equation.1.1} has been referenced but does not exis
t, replaced by a fixed one

</usr/share/texmf-dist/fonts/type1/public/lm/lmbx12.pfb></usr/share/texmf-dist/
fonts/type1/public/lm/lmex10.pfb></usr/share/texmf-dist/fonts/type1/public/lm/l
mmi12.pfb></usr/share/texmf-dist/fonts/type1/public/lm/lmmi6.pfb></usr/share/te
xmf-dist/fonts/type1/public/lm/lmmi8.pfb></usr/share/texmf-dist/fonts/type1/pub
lic/lm/lmmib10.pfb></usr/share/texmf-dist/fonts/type1/public/lm/lmr12.pfb></usr
/share/texmf-dist/fonts/type1/public/lm/lmr6.pfb></usr/share/texmf-dist/fonts/t
ype1/public/lm/lmr8.pfb></usr/share/texmf-dist/fonts/type1/public/lm/lmsy10.pfb
></usr/share/texmf-dist/fonts/type1/public/lm/lmsy6.pfb></usr/share/texmf-dist/
fonts/type1/public/lm/lmsy8.pfb></usr/share/texmf-dist/fonts/type1/public/lm/lm
tt12.pfb></usr/share/texmf-dist/fonts/type1/public/amsfonts/symbols/msbm10.pfb>
Output written on report.pdf (66 pages, 5015199 bytes).
PDF statistics:
 701 PDF objects out of 1000 (max. 8388607)
 545 compressed objects within 6 object streams
 189 named destinations out of 1000 (max. 500000)
 444 words of extra memory for PDF output out of 10000 (max. 10000000)

